  Source.cpp
C:\Users\Icys\Desktop\Assignment\Assignment\Assignment\Source.cpp(2020,15): warning C4244: 'argument': conversion from 'int' to 'GLfloat', possible loss of data
C:\Users\Icys\Desktop\Assignment\Assignment\Assignment\Source.cpp(2150,55): warning C4244: 'argument': conversion from 'double' to 'GLfloat', possible loss of data
C:\Users\Icys\Desktop\Assignment\Assignment\Assignment\Source.cpp(2150,38): warning C4244: 'argument': conversion from 'double' to 'GLfloat', possible loss of data
C:\Users\Icys\Desktop\Assignment\Assignment\Assignment\Source.cpp(2150,19): warning C4244: 'argument': conversion from 'double' to 'GLfloat', possible loss of data
C:\Users\Icys\Desktop\Assignment\Assignment\Assignment\Source.cpp(2155,28): warning C4244: '=': conversion from 'double' to 'float', possible loss of data
C:\Users\Icys\Desktop\Assignment\Assignment\Assignment\Source.cpp(2156,28): warning C4244: '=': conversion from 'double' to 'float', possible loss of data
C:\Users\Icys\Desktop\Assignment\Assignment\Assignment\Source.cpp(2157,26): warning C4244: '=': conversion from 'double' to 'float', possible loss of data
C:\Users\Icys\Desktop\Assignment\Assignment\Assignment\Source.cpp(2176,57): warning C4244: 'argument': conversion from 'double' to 'GLfloat', possible loss of data
C:\Users\Icys\Desktop\Assignment\Assignment\Assignment\Source.cpp(2176,38): warning C4244: 'argument': conversion from 'double' to 'GLfloat', possible loss of data
C:\Users\Icys\Desktop\Assignment\Assignment\Assignment\Source.cpp(2176,19): warning C4244: 'argument': conversion from 'double' to 'GLfloat', possible loss of data
C:\Users\Icys\Desktop\Assignment\Assignment\Assignment\Source.cpp(2181,24): warning C4244: '=': conversion from 'double' to 'float', possible loss of data
C:\Users\Icys\Desktop\Assignment\Assignment\Assignment\Source.cpp(2182,24): warning C4244: '=': conversion from 'double' to 'float', possible loss of data
C:\Users\Icys\Desktop\Assignment\Assignment\Assignment\Source.cpp(2183,24): warning C4244: '=': conversion from 'double' to 'float', possible loss of data
C:\Users\Icys\Desktop\Assignment\Assignment\Assignment\Source.cpp(2325,55): warning C4244: 'argument': conversion from 'double' to 'GLfloat', possible loss of data
C:\Users\Icys\Desktop\Assignment\Assignment\Assignment\Source.cpp(2325,38): warning C4244: 'argument': conversion from 'double' to 'GLfloat', possible loss of data
C:\Users\Icys\Desktop\Assignment\Assignment\Assignment\Source.cpp(2325,19): warning C4244: 'argument': conversion from 'double' to 'GLfloat', possible loss of data
C:\Users\Icys\Desktop\Assignment\Assignment\Assignment\Source.cpp(2331,28): warning C4244: '=': conversion from 'double' to 'float', possible loss of data
C:\Users\Icys\Desktop\Assignment\Assignment\Assignment\Source.cpp(2332,28): warning C4244: '=': conversion from 'double' to 'float', possible loss of data
C:\Users\Icys\Desktop\Assignment\Assignment\Assignment\Source.cpp(2333,26): warning C4244: '=': conversion from 'double' to 'float', possible loss of data
C:\Users\Icys\Desktop\Assignment\Assignment\Assignment\Source.cpp(2356,57): warning C4244: 'argument': conversion from 'double' to 'GLfloat', possible loss of data
C:\Users\Icys\Desktop\Assignment\Assignment\Assignment\Source.cpp(2356,38): warning C4244: 'argument': conversion from 'double' to 'GLfloat', possible loss of data
C:\Users\Icys\Desktop\Assignment\Assignment\Assignment\Source.cpp(2356,19): warning C4244: 'argument': conversion from 'double' to 'GLfloat', possible loss of data
C:\Users\Icys\Desktop\Assignment\Assignment\Assignment\Source.cpp(2361,24): warning C4244: '=': conversion from 'double' to 'float', possible loss of data
C:\Users\Icys\Desktop\Assignment\Assignment\Assignment\Source.cpp(2362,24): warning C4244: '=': conversion from 'double' to 'float', possible loss of data
C:\Users\Icys\Desktop\Assignment\Assignment\Assignment\Source.cpp(2363,24): warning C4244: '=': conversion from 'double' to 'float', possible loss of data
C:\Users\Icys\Desktop\Assignment\Assignment\Assignment\Source.cpp(2511,55): warning C4244: 'argument': conversion from 'double' to 'GLfloat', possible loss of data
C:\Users\Icys\Desktop\Assignment\Assignment\Assignment\Source.cpp(2511,38): warning C4244: 'argument': conversion from 'double' to 'GLfloat', possible loss of data
C:\Users\Icys\Desktop\Assignment\Assignment\Assignment\Source.cpp(2511,19): warning C4244: 'argument': conversion from 'double' to 'GLfloat', possible loss of data
C:\Users\Icys\Desktop\Assignment\Assignment\Assignment\Source.cpp(2516,28): warning C4244: '=': conversion from 'double' to 'float', possible loss of data
C:\Users\Icys\Desktop\Assignment\Assignment\Assignment\Source.cpp(2517,28): warning C4244: '=': conversion from 'double' to 'float', possible loss of data
C:\Users\Icys\Desktop\Assignment\Assignment\Assignment\Source.cpp(2518,26): warning C4244: '=': conversion from 'double' to 'float', possible loss of data
C:\Users\Icys\Desktop\Assignment\Assignment\Assignment\Source.cpp(2636,56): warning C4244: 'argument': conversion from 'double' to 'GLfloat', possible loss of data
C:\Users\Icys\Desktop\Assignment\Assignment\Assignment\Source.cpp(2636,39): warning C4244: 'argument': conversion from 'double' to 'GLfloat', possible loss of data
C:\Users\Icys\Desktop\Assignment\Assignment\Assignment\Source.cpp(2636,20): warning C4244: 'argument': conversion from 'double' to 'GLfloat', possible loss of data
C:\Users\Icys\Desktop\Assignment\Assignment\Assignment\Source.cpp(2747,23): warning C4244: 'argument': conversion from 'double' to 'GLfloat', possible loss of data
C:\Users\Icys\Desktop\Assignment\Assignment\Assignment\Source.cpp(2777,25): warning C4244: 'argument': conversion from 'double' to 'float', possible loss of data
C:\Users\Icys\Desktop\Assignment\Assignment\Assignment\Source.cpp(2781,24): warning C4244: 'argument': conversion from 'double' to 'GLfloat', possible loss of data
C:\Users\Icys\Desktop\Assignment\Assignment\Assignment\Source.cpp(2783,25): warning C4244: 'argument': conversion from 'double' to 'float', possible loss of data
C:\Users\Icys\Desktop\Assignment\Assignment\Assignment\Source.cpp(2787,24): warning C4244: 'argument': conversion from 'double' to 'GLfloat', possible loss of data
C:\Users\Icys\Desktop\Assignment\Assignment\Assignment\Source.cpp(2838,20): warning C4244: '=': conversion from 'double' to 'float', possible loss of data
C:\Users\Icys\Desktop\Assignment\Assignment\Assignment\Source.cpp(3730,56): warning C4244: '-=': conversion from 'double' to 'float', possible loss of data
C:\Users\Icys\Desktop\Assignment\Assignment\Assignment\Source.cpp(3815,53): warning C4244: '-=': conversion from 'double' to 'float', possible loss of data
C:\Users\Icys\Desktop\Assignment\Assignment\Assignment\Source.cpp(3823,51): warning C4244: '+=': conversion from 'double' to 'float', possible loss of data
C:\Users\Icys\Desktop\Assignment\Assignment\Assignment\Source.cpp(3824,31): warning C4553: '==': result of expression not used; did you intend '='?
C:\Users\Icys\Desktop\Assignment\Assignment\Assignment\Source.cpp(4228,51): warning C4244: '+=': conversion from 'double' to 'float', possible loss of data
C:\Users\Icys\Desktop\Assignment\Assignment\Assignment\Source.cpp(4230,52): warning C4244: '+=': conversion from 'double' to 'float', possible loss of data
C:\Users\Icys\Desktop\Assignment\Assignment\Assignment\Source.cpp(4231,40): warning C4244: '+=': conversion from 'double' to 'float', possible loss of data
C:\Users\Icys\Desktop\Assignment\Assignment\Assignment\Source.cpp(4232,40): warning C4244: '+=': conversion from 'double' to 'float', possible loss of data
C:\Users\Icys\Desktop\Assignment\Assignment\Assignment\Source.cpp(4233,40): warning C4244: '+=': conversion from 'double' to 'float', possible loss of data
C:\Users\Icys\Desktop\Assignment\Assignment\Assignment\Source.cpp(4234,40): warning C4244: '+=': conversion from 'double' to 'float', possible loss of data
C:\Users\Icys\Desktop\Assignment\Assignment\Assignment\Source.cpp(4235,40): warning C4244: '+=': conversion from 'double' to 'float', possible loss of data
C:\Users\Icys\Desktop\Assignment\Assignment\Assignment\Source.cpp(4242,49): warning C4244: '-=': conversion from 'double' to 'float', possible loss of data
C:\Users\Icys\Desktop\Assignment\Assignment\Assignment\Source.cpp(4244,51): warning C4244: '-=': conversion from 'double' to 'float', possible loss of data
C:\Users\Icys\Desktop\Assignment\Assignment\Assignment\Source.cpp(4245,39): warning C4244: '-=': conversion from 'double' to 'float', possible loss of data
C:\Users\Icys\Desktop\Assignment\Assignment\Assignment\Source.cpp(4246,39): warning C4244: '-=': conversion from 'double' to 'float', possible loss of data
C:\Users\Icys\Desktop\Assignment\Assignment\Assignment\Source.cpp(4247,39): warning C4244: '-=': conversion from 'double' to 'float', possible loss of data
C:\Users\Icys\Desktop\Assignment\Assignment\Assignment\Source.cpp(4248,39): warning C4244: '-=': conversion from 'double' to 'float', possible loss of data
C:\Users\Icys\Desktop\Assignment\Assignment\Assignment\Source.cpp(4249,39): warning C4244: '-=': conversion from 'double' to 'float', possible loss of data
C:\Users\Icys\Desktop\Assignment\Assignment\Assignment\Source.cpp(10197,26): warning C4244: 'argument': conversion from 'double' to 'GLfloat', possible loss of data
C:\Users\Icys\Desktop\Assignment\Assignment\Assignment\Source.cpp(10815,28): warning C4244: 'argument': conversion from 'double' to 'GLfloat', possible loss of data
C:\Users\Icys\Desktop\Assignment\Assignment\Assignment\Source.cpp(11264,40): warning C4244: 'argument': conversion from 'double' to 'GLfloat', possible loss of data
C:\Users\Icys\Desktop\Assignment\Assignment\Assignment\Source.cpp(11264,28): warning C4244: 'argument': conversion from 'double' to 'GLfloat', possible loss of data
C:\Users\Icys\Desktop\Assignment\Assignment\Assignment\Source.cpp(11264,16): warning C4244: 'argument': conversion from 'double' to 'GLfloat', possible loss of data
C:\Users\Icys\Desktop\Assignment\Assignment\Assignment\Source.cpp(11329,23): warning C4805: '==': unsafe mix of type 'boolean' and type 'bool' in operation
  Assignment.vcxproj -> C:\Users\Icys\Desktop\Assignment\Assignment\Debug\Assignment.exe
